# JRE version: OpenJDK Runtime Environment (16.0.1+9) (build 16.0.1+9-24)
# Java VM: OpenJDK 64-Bit Server VM (16.0.1+9-24, mixed mode, tiered, compressed oops, compressed class ptrs, g1 gc, windows-amd64)
GC Precious Log:
 CPUs: 4 total, 4 available
 Memory: 12185M
 Large Page Support: Disabled
 NUMA Support: Disabled
 Compressed Oops: Enabled (Zero based)
 Heap Region Size: 2M
 Heap Min Capacity: 8M
 Heap Initial Capacity: 192M
 Heap Max Capacity: 3048M
 Pre-touch: Disabled
 Parallel Workers: 4
 Concurrent Workers: 1
 Concurrent Refinement Workers: 4
 Periodic GC: Disabled
Heap:
 garbage-first heap   total 71680K, used 26798K [0x0000000741800000, 0x0000000800000000)
  region size 2048K, 2 young (4096K), 2 survivors (4096K)
 Metaspace       used 65543K, committed 65984K, reserved 1114112K
  class space    used 8186K, committed 8448K, reserved 1048576K
GC Heap History (20 events):
Event: 12.373 GC heap after
{Heap after GC invocations=13 (full 0):
 garbage-first heap   total 71680K, used 17013K [0x0000000741800000, 0x0000000800000000)
  region size 2048K, 2 young (4096K), 2 survivors (4096K)
 Metaspace       used 45182K, committed 45440K, reserved 1089536K
  class space    used 5523K, committed 5632K, reserved 1048576K
}
Event: 13.595 GC heap before
{Heap before GC invocations=13 (full 0):
 garbage-first heap   total 71680K, used 49781K [0x0000000741800000, 0x0000000800000000)
  region size 2048K, 19 young (38912K), 2 survivors (4096K)
 Metaspace       used 53259K, committed 53568K, reserved 1097728K
  class space    used 6695K, committed 6848K, reserved 1048576K
}
Event: 13.605 GC heap after
{Heap after GC invocations=14 (full 0):
 garbage-first heap   total 71680K, used 18666K [0x0000000741800000, 0x0000000800000000)
  region size 2048K, 3 young (6144K), 3 survivors (6144K)
 Metaspace       used 53259K, committed 53568K, reserved 1097728K
  class space    used 6695K, committed 6848K, reserved 1048576K
}
Event: 14.699 GC heap before
{Heap before GC invocations=14 (full 0):
 garbage-first heap   total 71680K, used 51434K [0x0000000741800000, 0x0000000800000000)
  region size 2048K, 19 young (38912K), 3 survivors (6144K)
 Metaspace       used 58277K, committed 58624K, reserved 1105920K
  class space    used 7327K, committed 7488K, reserved 1048576K
}
Event: 14.713 GC heap after
{Heap after GC invocations=15 (full 0):
 garbage-first heap   total 71680K, used 21127K [0x0000000741800000, 0x0000000800000000)
  region size 2048K, 3 young (6144K), 3 survivors (6144K)
 Metaspace       used 58277K, committed 58624K, reserved 1105920K
  class space    used 7327K, committed 7488K, reserved 1048576K
}
Event: 14.966 GC heap before
{Heap before GC invocations=15 (full 0):
 garbage-first heap   total 71680K, used 33415K [0x0000000741800000, 0x0000000800000000)
  region size 2048K, 10 young (20480K), 3 survivors (6144K)
 Metaspace       used 59085K, committed 59456K, reserved 1105920K
  class space    used 7420K, committed 7616K, reserved 1048576K
}
Event: 14.975 GC heap after
{Heap after GC invocations=16 (full 0):
 garbage-first heap   total 71680K, used 21879K [0x0000000741800000, 0x0000000800000000)
  region size 2048K, 2 young (4096K), 2 survivors (4096K)
 Metaspace       used 59085K, committed 59456K, reserved 1105920K
  class space    used 7420K, committed 7616K, reserved 1048576K
}
Event: 15.960 GC heap before
{Heap before GC invocations=17 (full 0):
 garbage-first heap   total 71680K, used 52599K [0x0000000741800000, 0x0000000800000000)
  region size 2048K, 17 young (34816K), 2 survivors (4096K)
 Metaspace       used 61217K, committed 61632K, reserved 1105920K
  class space    used 7752K, committed 7936K, reserved 1048576K
}
Event: 15.974 GC heap after
{Heap after GC invocations=18 (full 0):
 garbage-first heap   total 71680K, used 23972K [0x0000000741800000, 0x0000000800000000)
  region size 2048K, 3 young (6144K), 3 survivors (6144K)
 Metaspace       used 61217K, committed 61632K, reserved 1105920K
  class space    used 7752K, committed 7936K, reserved 1048576K
}
Event: 232.023 GC heap before
{Heap before GC invocations=18 (full 0):
 garbage-first heap   total 71680K, used 50596K [0x0000000741800000, 0x0000000800000000)
  region size 2048K, 17 young (34816K), 3 survivors (6144K)
 Metaspace       used 64001K, committed 64448K, reserved 1105920K
  class space    used 8126K, committed 8320K, reserved 1048576K
}
Event: 232.118 GC heap after
{Heap after GC invocations=19 (full 1):
 garbage-first heap   total 71680K, used 20650K [0x0000000741800000, 0x0000000800000000)
  region size 2048K, 0 young (0K), 0 survivors (0K)
 Metaspace       used 64001K, committed 64448K, reserved 1105920K
  class space    used 8126K, committed 8320K, reserved 1048576K
}
Event: 234.062 GC heap before
{Heap before GC invocations=19 (full 1):
 garbage-first heap   total 71680K, used 51370K [0x0000000741800000, 0x0000000800000000)
  region size 2048K, 16 young (32768K), 0 survivors (0K)
 Metaspace       used 64470K, committed 64960K, reserved 1105920K
  class space    used 8146K, committed 8384K, reserved 1048576K
}
Event: 234.076 GC heap after
{Heap after GC invocations=20 (full 1):
 garbage-first heap   total 71680K, used 23390K [0x0000000741800000, 0x0000000800000000)
  region size 2048K, 2 young (4096K), 2 survivors (4096K)
 Metaspace       used 64470K, committed 64960K, reserved 1105920K
  class space    used 8146K, committed 8384K, reserved 1048576K
}
Event: 234.097 GC heap before
{Heap before GC invocations=20 (full 1):
 garbage-first heap   total 71680K, used 50014K [0x0000000741800000, 0x0000000800000000)
  region size 2048K, 16 young (32768K), 2 survivors (4096K)
 Metaspace       used 64470K, committed 64960K, reserved 1105920K
  class space    used 8146K, committed 8384K, reserved 1048576K
}
Event: 234.102 GC heap after
{Heap after GC invocations=21 (full 1):
 garbage-first heap   total 71680K, used 23162K [0x0000000741800000, 0x0000000800000000)
  region size 2048K, 1 young (2048K), 1 survivors (2048K)
 Metaspace       used 64470K, committed 64960K, reserved 1105920K
  class space    used 8146K, committed 8384K, reserved 1048576K
}
Event: 238.099 GC heap before
{Heap before GC invocations=21 (full 1):
 garbage-first heap   total 71680K, used 49786K [0x0000000741800000, 0x0000000800000000)
  region size 2048K, 15 young (30720K), 1 survivors (2048K)
 Metaspace       used 64924K, committed 65408K, reserved 1114112K
  class space    used 8161K, committed 8384K, reserved 1048576K
}
Event: 238.102 GC heap after
{Heap after GC invocations=22 (full 1):
 garbage-first heap   total 71680K, used 24373K [0x0000000741800000, 0x0000000800000000)
  region size 2048K, 1 young (2048K), 1 survivors (2048K)
 Metaspace       used 64924K, committed 65408K, reserved 1114112K
  class space    used 8161K, committed 8384K, reserved 1048576K
}
Event: 238.437 GC heap before
{Heap before GC invocations=22 (full 1):
 garbage-first heap   total 71680K, used 53045K [0x0000000741800000, 0x0000000800000000)
  region size 2048K, 15 young (30720K), 1 survivors (2048K)
 Metaspace       used 65241K, committed 65728K, reserved 1114112K
  class space    used 8174K, committed 8384K, reserved 1048576K
}
Event: 238.442 GC heap after
{Heap after GC invocations=23 (full 1):
 garbage-first heap   total 71680K, used 25508K [0x0000000741800000, 0x0000000800000000)
  region size 2048K, 2 young (4096K), 2 survivors (4096K)
 Metaspace       used 65241K, committed 65728K, reserved 1114112K
  class space    used 8174K, committed 8384K, reserved 1048576K
}
Event: 424.702 GC heap before
{Heap before GC invocations=23 (full 1):
 garbage-first heap   total 71680K, used 52132K [0x0000000741800000, 0x0000000800000000)
  region size 2048K, 15 young (30720K), 2 survivors (4096K)
 Metaspace       used 65543K, committed 65984K, reserved 1114112K
  class space    used 8186K, committed 8448K, reserved 1048576K
}

